Build started 16/10/2015 19:37:18.
     1>Project "C:\Oisin\Projects\Swarm\Boids\Boids.vcxproj" on node 2 (Build target(s)).
     1>C:\Program Files\MSBuild\Microsoft.Cpp\v4.0\V120\Microsoft.CppBuild.targets(388,5): warning MSB8028: The intermediate directory (Debug\) contains files shared from another project (Boids.vcxproj).  This can lead to incorrect clean and rebuild behavior.
     1>ClCompile:
         C:\Program Files\Microsoft Visual Studio 12.0\VC\bin\CL.exe /c /IC:\SFML\include /ZI /nologo /W3 /WX- /sdl /Od /Oy- /D _MBCS /Gm /EHsc /RTC1 /MDd /GS /fp:precise /Zc:wchar_t /Zc:forScope /Fo"Debug\\" /Fd"Debug\vc120.pdb" /Gd /TP /analyze- /errorReport:prompt main.cpp
         main.cpp
     1>c:\oisin\projects\swarm\boids\boid.h(42): warning C4244: 'argument' : conversion from 'int' to 'float', possible loss of data
     1>c:\oisin\projects\swarm\boids\boid.h(53): warning C4244: 'argument' : conversion from 'int' to 'float', possible loss of data
     1>c:\oisin\projects\swarm\boids\boid.h(57): warning C4244: 'argument' : conversion from 'int' to 'float', possible loss of data
     1>c:\oisin\projects\swarm\boids\main.cpp(38): warning C4244: 'argument' : conversion from 'int' to 'float', possible loss of data
     1>c:\oisin\projects\swarm\boids\main.cpp(43): warning C4244: 'argument' : conversion from 'const int' to 'float', possible loss of data
     1>c:\oisin\projects\swarm\boids\main.cpp(86): warning C4244: 'argument' : conversion from 'int' to 'float', possible loss of data
     1>c:\oisin\projects\swarm\boids\main.cpp(90): warning C4244: 'argument' : conversion from 'int' to 'float', possible loss of data
     1>c:\oisin\projects\swarm\boids\main.cpp(108): warning C4018: '<' : signed/unsigned mismatch
       Link:
         C:\Program Files\Microsoft Visual Studio 12.0\VC\bin\link.exe /ERRORREPORT:PROMPT /OUT:"C:\Oisin\Projects\Swarm\Debug\Swarm.exe" /INCREMENTAL /NOLOGO /LIBPATH:C:\SFML\lib "sfml-graphics-d.lib" "sfml-window-d.lib" "sfml-system-d.lib" kernel32.lib user32.lib gdi32.lib winspool.lib comdlg32.lib advapi32.lib shell32.lib ole32.lib oleaut32.lib uuid.lib odbc32.lib odbccp32.lib /MANIFEST /MANIFESTUAC:"level='asInvoker' uiAccess='false'" /manifest:embed /DEBUG /PDB:"C:\Oisin\Projects\Swarm\Debug\Swarm.pdb" /TLBID:1 /DYNAMICBASE /NXCOMPAT /IMPLIB:"C:\Oisin\Projects\Swarm\Debug\Swarm.lib" /MACHINE:X86 Debug\Boid.obj
         Debug\Flock.obj
         Debug\main.obj
         Debug\Pvector.obj
         Boids.vcxproj -> C:\Oisin\Projects\Swarm\Debug\Swarm.exe
     1>Done Building Project "C:\Oisin\Projects\Swarm\Boids\Boids.vcxproj" (Build target(s)).

Build succeeded.

Time Elapsed 00:00:01.41
